2026-01-27 10:48:22,133 - Total Expenses : 550, Average Expenses : 110.0
2026-01-27 10:49:09,858 - Total Expenses : 550, Average Expenses : 110.0, Max Expenses : 200, Min Expenses : 50
2026-01-27 10:51:27,541 - Total Expenses : 550, Average Expenses : 110.0, Max Expenses : 200, Min Expenses : 50
2026-01-27 10:53:29,229 - Total Expenses : 550, Average Expenses : 110.0, Max Expenses : 200, Min Expenses : 50
2026-01-27 10:53:30,254 - Using categorical units to plot a list of strings that are all parsable as floats or dates. If these strings should be plotted as numbers, cast to the appropriate data type before plotting.
2026-01-27 10:53:30,256 - Using categorical units to plot a list of strings that are all parsable as floats or dates. If these strings should be plotted as numbers, cast to the appropriate data type before plotting.
2026-01-27 10:53:57,437 - Total Expenses : 550, Average Expenses : 110.0, Max Expenses : 200, Min Expenses : 50
2026-01-27 10:53:57,614 - Using categorical units to plot a list of strings that are all parsable as floats or dates. If these strings should be plotted as numbers, cast to the appropriate data type before plotting.
2026-01-27 10:53:57,615 - Using categorical units to plot a list of strings that are all parsable as floats or dates. If these strings should be plotted as numbers, cast to the appropriate data type before plotting.
2026-01-27 10:54:09,225 - Total Expenses : 550, Average Expenses : 110.0, Max Expenses : 200, Min Expenses : 50
2026-01-27 10:54:09,407 - Using categorical units to plot a list of strings that are all parsable as floats or dates. If these strings should be plotted as numbers, cast to the appropriate data type before plotting.
2026-01-27 10:54:09,408 - Using categorical units to plot a list of strings that are all parsable as floats or dates. If these strings should be plotted as numbers, cast to the appropriate data type before plotting.
2026-01-27 11:04:03,709 - Total Expenses : 550, Average Expenses : 110.0, Max Expenses : 200, Min Expenses : 50
2026-01-27 11:04:03,946 - Using categorical units to plot a list of strings that are all parsable as floats or dates. If these strings should be plotted as numbers, cast to the appropriate data type before plotting.
2026-01-27 11:04:03,948 - Using categorical units to plot a list of strings that are all parsable as floats or dates. If these strings should be plotted as numbers, cast to the appropriate data type before plotting.
2026-01-27 11:15:36,032 - Invalid Arguments
2026-01-27 11:16:16,398 - Invalid Arguments
2026-01-27 11:16:27,452 - Error : Invalid Arguments
2026-01-27 11:16:27,452 - Error : Invalid Arguments
2026-01-27 11:16:27,452 - Error : Invalid Arguments
2026-01-27 11:16:27,452 - Error : Invalid Arguments
2026-01-27 11:16:27,452 - Error : Invalid Arguments
