2026-01-28 05:24:05,876 - No Error Found
2026-01-28 05:24:05,877 - Total Error Count :5
2026-01-28 05:24:05,877 - Total Warning Count :0
2026-01-28 05:24:05,877 - Total Info Count :0
2026-01-28 05:27:31,127 - Total Error Count :5
2026-01-28 05:27:31,127 - Total Warning Count :0
2026-01-28 05:27:31,127 - Total Info Count :0
2026-01-28 05:27:31,481 - Using categorical units to plot a list of strings that are all parsable as floats or dates. If these strings should be plotted as numbers, cast to the appropriate data type before plotting.
2026-01-28 05:27:31,484 - Using categorical units to plot a list of strings that are all parsable as floats or dates. If these strings should be plotted as numbers, cast to the appropriate data type before plotting.
2026-01-28 05:27:35,461 - Using categorical units to plot a list of strings that are all parsable as floats or dates. If these strings should be plotted as numbers, cast to the appropriate data type before plotting.
2026-01-28 05:28:30,415 - Total Error Count :5
2026-01-28 05:28:30,415 - Total Warning Count :0
2026-01-28 05:28:30,415 - Total Info Count :0
2026-01-28 05:28:30,615 - Using categorical units to plot a list of strings that are all parsable as floats or dates. If these strings should be plotted as numbers, cast to the appropriate data type before plotting.
2026-01-28 05:28:30,616 - Using categorical units to plot a list of strings that are all parsable as floats or dates. If these strings should be plotted as numbers, cast to the appropriate data type before plotting.
2026-01-28 05:28:33,739 - Using categorical units to plot a list of strings that are all parsable as floats or dates. If these strings should be plotted as numbers, cast to the appropriate data type before plotting.
2026-01-28 05:28:33,740 - Using categorical units to plot a list of strings that are all parsable as floats or dates. If these strings should be plotted as numbers, cast to the appropriate data type before plotting.
2026-01-28 05:28:41,233 - Total Error Count :5
2026-01-28 05:28:41,233 - Total Warning Count :0
2026-01-28 05:28:41,233 - Total Info Count :0
2026-01-28 05:28:41,446 - Using categorical units to plot a list of strings that are all parsable as floats or dates. If these strings should be plotted as numbers, cast to the appropriate data type before plotting.
2026-01-28 05:28:41,448 - Using categorical units to plot a list of strings that are all parsable as floats or dates. If these strings should be plotted as numbers, cast to the appropriate data type before plotting.
2026-01-28 05:28:43,211 - Using categorical units to plot a list of strings that are all parsable as floats or dates. If these strings should be plotted as numbers, cast to the appropriate data type before plotting.
2026-01-28 05:28:43,213 - Using categorical units to plot a list of strings that are all parsable as floats or dates. If these strings should be plotted as numbers, cast to the appropriate data type before plotting.
2026-01-28 06:04:10,259 - Total Error Count :5
2026-01-28 06:04:10,259 - Total Warning Count :0
2026-01-28 06:04:10,259 - Total Info Count :0
2026-01-28 06:04:10,622 - Using categorical units to plot a list of strings that are all parsable as floats or dates. If these strings should be plotted as numbers, cast to the appropriate data type before plotting.
2026-01-28 06:04:10,624 - Using categorical units to plot a list of strings that are all parsable as floats or dates. If these strings should be plotted as numbers, cast to the appropriate data type before plotting.
2026-01-28 06:04:12,861 - Using categorical units to plot a list of strings that are all parsable as floats or dates. If these strings should be plotted as numbers, cast to the appropriate data type before plotting.
2026-01-28 06:04:12,862 - Using categorical units to plot a list of strings that are all parsable as floats or dates. If these strings should be plotted as numbers, cast to the appropriate data type before plotting.
